# Transifex resource cleanup-notifier-mx 
# with minimum completion percent 30%
# generated at Tue, 19 May 2026 09:41:29 -0500
   Nr.		Cnt.	 Compl.		Code		Language
   ---		----	 ------		----		--------
     1		   6	   100%    	ca      	ca	Catalan; Valencian
     2		   6	   100%    	cs      	cs	Czech
     3		   6	   100%    	de      	de	German
     4		   6	   100%    	el      	el	Greek, Modern (1453-)
     5		   6	   100%    	es      	es	Spanish; Castilian
     6		   6	   100%    	es_ES   	es	Spanish; Castilian @ Spain
     7		   6	   100%    	fi      	fi	Finnish
     8		   6	   100%    	fr      	fr	French
     9		   6	   100%    	fr_BE   	fr	French @ Belgium
    10		   6	   100%    	gl_ES   	gl	Galician @ Spain
    11		   6	   100%    	he_IL   	he	Hebrew @ Israel
    12		   6	   100%    	hu      	hu	Hungarian
    13		   6	   100%    	it      	it	Italian
    14		   6	   100%    	ja      	ja	Japanese
    15		   6	   100%    	ka      	ka	Georgian
    16		   6	   100%    	ko      	ko	Korean
    17		   6	   100%    	nb      	nb	Bokmål, Norwegian; Norwegian Bokmål
    18		   6	   100%    	nl      	nl	Dutch; Flemish
    19		   6	   100%    	pl      	pl	Polish
    20		   6	   100%    	pt      	pt	Portuguese
    21		   6	   100%    	pt_BR   	pt	Portuguese @ Brazil
    22		   6	   100%    	ru      	ru	Russian
    23		   6	   100%    	ru_RU   	ru	Russian @ Russian Federation
    24		   6	   100%    	sl      	sl	Slovenian
    25		   6	   100%    	sq      	sq	Albanian
    26		   6	   100%    	sv      	sv	Swedish
    27		   6	   100%    	tr      	tr	Turkish
    28		   4	    66%    	da      	da	Danish
    29		   4	    66%    	hi      	hi	Hindi
    30		   4	    66%    	lt      	lt	Lithuanian
    31		   4	    66%    	sk      	sk	Slovak
    32		   4	    66%    	uk      	uk	Ukrainian
    33		   3	    50%    	ar      	ar	Arabic
    34		   3	    50%    	bg      	bg	Bulgarian
    35		   3	    50%    	eu      	eu	Basque
    36		   3	    50%    	fa      	fa	Persian
    37		   3	    50%    	hr      	hr	Croatian
    38		   3	    50%    	id      	id	Indonesian
    39		   3	    50%    	is      	is	Icelandic
    40		   3	    50%    	kk      	kk	Kazakh
    41		   3	    50%    	ro      	ro	Romanian; Moldavian; Moldovan
    42		   3	    50%    	sr      	sr	Serbian
    43		   3	    50%    	zh_CN   	zh	Chinese @ China
    44		   3	    50%    	zh_TW   	zh	Chinese @ Taiwan, Province of China
    45		   2	    33%    	am      	am	Amharic
    46		   2	    33%    	et      	et	Estonian
    47		   2	    33%    	fil_PH  		Filipino @ Philippines
    48		   2	    33%    	mr      	mr	Marathi
