# Transifex resource mx-checkaptgpg 
# with minimum completion percent 5%
# generated at Sun, 02 Jul 2023 14:03:02 -0500
   Nr.		Cnt.	 Compl.		Code		Language
   ---		----	 ------		----		--------
     1		  11	   100%    	ca      	ca	Catalan; Valencian
     2		  11	   100%    	de      	de	German
     3		  11	   100%    	el      	el	Greek, Modern (1453-)
     4		  11	   100%    	es      	es	Spanish; Castilian
     5		  11	   100%    	es_ES   	es	Spanish; Castilian @ Spain
     6		  11	   100%    	fi      	fi	Finnish
     7		  11	   100%    	fr      	fr	French
     8		  11	   100%    	fr_BE   	fr	French @ Belgium
     9		  11	   100%    	it      	it	Italian
    10		  11	   100%    	ja      	ja	Japanese
    11		  11	   100%    	nb      	nb	Bokmål, Norwegian; Norwegian Bokmål
    12		  11	   100%    	nl      	nl	Dutch; Flemish
    13		  11	   100%    	pt      	pt	Portuguese
    14		  11	   100%    	pt_BR   	pt	Portuguese @ Brazil
    15		  11	   100%    	sl      	sl	Slovenian
    16		  11	   100%    	sq      	sq	Albanian
    17		  11	   100%    	sv      	sv	Swedish
    18		  11	   100%    	tr      	tr	Turkish
    19		   3	    27%    	pl      	pl	Polish
    20		   2	    18%    	da      	da	Danish
