   Nr.		Cnt.	 Compl.		Code		Language
   ---		----	 ------		----		--------
     1		  94	   100%    	ca      	Catalan; Valencian
     2		  94	   100%    	de      	German
     3		  94	   100%    	el      	Greek, Modern (1453-)
     4		  94	   100%    	es      	Spanish; Castilian
     5		  94	   100%    	es_ES   	Spanish; Castilian @ Spain
     6		  94	   100%    	fi      	Finnish
     7		  94	   100%    	fr      	French
     8		  94	   100%    	fr_BE   	French @ Belgium
     9		  94	   100%    	gl_ES   	Galician @ Spain
    10		  94	   100%    	hu      	Hungarian
    11		  94	   100%    	it      	Italian
    12		  94	   100%    	ja      	Japanese
    13		  94	   100%    	nb      	Bokmål, Norwegian; Norwegian Bokmål
    14		  94	   100%    	pl      	Polish
    15		  94	   100%    	pt      	Portuguese
    16		  94	   100%    	pt_BR   	Portuguese @ Brazil
    17		  94	   100%    	ru      	Russian
    18		  94	   100%    	ru_RU   	Russian @ Russian Federation
    19		  94	   100%    	sl      	Slovenian
    20		  94	   100%    	sv      	Swedish
    21		  94	   100%    	tr      	Turkish
    22		  93	    98%    	sq      	Albanian
    23		  83	    88%    	zh_CN   	Chinese @ China
    24		  52	    55%    	he_IL   	Hebrew @ Israel
    25		  35	    37%    	da      	Danish
    26		  31	    32%    	hr      	Croatian
    27		  25	    26%    	nl_BE   	Dutch; Flemish @ Belgium
    28		  20	    21%    	nl      	Dutch; Flemish
    29		  17	    18%    	cs      	Czech
    30		  13	    13%    	lt      	Lithuanian
    31		  12	    12%    	sk      	Slovak
    32		  12	    12%    	uk      	Ukrainian
    33		  11	    11%    	hi      	Hindi
    34		  10	    10%    	am      	Amharic
    35		   9	     9%    	fil_PH  	Filipino; Pilipino @ Philippines
    36		   7	     7%    	bg      	Bulgarian
    37		   7	     7%    	zh_TW   	Chinese @ Taiwan, Province of China
    38		   5	     5%    	is      	Icelandic
    39		   5	     5%    	ro      	Romanian; Moldavian; Moldovan
    40		   5	     5%    	sr      	Serbian
